Using pre-set license
Built from '2020.3/release' branch; Version is '2020.3.7f1 (dd97f2c94397) revision 14522354'; Using compiler version '192528614'; Build Type 'Release'
OS: 'Windows 10 Home; OS build 19042.928; Version 2009; 64bit' Language: 'en' Physical Memory: 32700 MB
BatchMode: 1, IsHumanControllingUs: 0, StartBugReporterOnCrash: 0, Is64bit: 1, IsPro: 0

 COMMAND LINE ARGUMENTS:
C:\Program Files\Unity\Hub\Editor\2020.3.7f1\Editor\Unity.exe
-adb2
-batchMode
-noUpm
-name
AssetImportWorker0
-projectPath
C:/Users/4step/Unity Projex/Kunai Control
-logFile
Logs/AssetImportWorker0.log
-srvPort
63128
Successfully changed project path to: C:/Users/4step/Unity Projex/Kunai Control
C:/Users/4step/Unity Projex/Kunai Control
Using Asset Import Pipeline V2.
Refreshing native plugins compatible for Editor in 18.93 ms, found 0 plugins.
Preloading 0 native plugins for Editor in 0.00 ms.
Initialize engine version: 2020.3.7f1 (dd97f2c94397)
[Subsystems] Discovering subsystems at path C:/Program Files/Unity/Hub/Editor/2020.3.7f1/Editor/Data/Resources/UnitySubsystems
[Subsystems] Discovering subsystems at path C:/Users/4step/Unity Projex/Kunai Control/Assets
GfxDevice: creating device client; threaded=0
Direct3D:
    Version:  Direct3D 11.0 [level 11.1]
    Renderer: NVIDIA GeForce GTX 1080 Ti (ID=0x1b06)
    Vendor:   
    VRAM:     11127 MB
    Driver:   27.21.14.6192
Initialize mono
Mono path[0] = 'C:/Program Files/Unity/Hub/Editor/2020.3.7f1/Editor/Data/Managed'
Mono path[1] = 'C:/Program Files/Unity/Hub/Editor/2020.3.7f1/Editor/Data/MonoBleedingEdge/lib/mono/unityjit'
Mono config path = 'C:/Program Files/Unity/Hub/Editor/2020.3.7f1/Editor/Data/MonoBleedingEdge/etc'
Using monoOptions --debugger-agent=transport=dt_socket,embedding=1,server=y,suspend=n,address=127.0.0.1:56116
Begin MonoManager ReloadAssembly
Registering precompiled unity dll's ...
Register platform support module: C:/Program Files/Unity/Hub/Editor/2020.3.7f1/Editor/Data/PlaybackEngines/WebGLSupport/UnityEditor.WebGL.Extensions.dll
Register platform support module: C:/Program Files/Unity/Hub/Editor/2020.3.7f1/Editor/Data/PlaybackEngines/WindowsStandaloneSupport/UnityEditor.WindowsStandalone.Extensions.dll
Registered in 0.001820 seconds.
Native extension for WindowsStandalone target not found
Native extension for WebGL target not found
Refreshing native plugins compatible for Editor in 19.92 ms, found 0 plugins.
Preloading 0 native plugins for Editor in 0.00 ms.
Mono: successfully reloaded assembly
- Completed reload, in  1.503 seconds
Platform modules already initialized, skipping
Registering precompiled user dll's ...
Registered in 0.000520 seconds.
Begin MonoManager ReloadAssembly
Native extension for WindowsStandalone target not found
Native extension for WebGL target not found
Refreshing native plugins compatible for Editor in 0.19 ms, found 0 plugins.
Preloading 0 native plugins for Editor in 0.00 ms.
Mono: successfully reloaded assembly
- Completed reload, in  0.702 seconds
Platform modules already initialized, skipping
========================================================================
Worker process is ready to serve import requests
Launched and connected shader compiler UnityShaderCompiler.exe after 0.04 seconds
Refreshing native plugins compatible for Editor in 0.19 ms, found 0 plugins.
Preloading 0 native plugins for Editor in 0.00 ms.
Unloading 1115 Unused Serialized files (Serialized files now loaded: 0)
System memory in use before: 57.1 MB.
System memory in use after: 57.2 MB.

Unloading 10 unused Assets to reduce memory usage. Loaded Objects now: 1557.
Total: 1.546000 ms (FindLiveObjects: 0.128400 ms CreateObjectMapping: 0.034700 ms MarkObjects: 1.308900 ms  DeleteObjects: 0.073000 ms)

========================================================================
Received Import Request.
  path: Assets/SimpleNaturePack
  artifactKey: Guid(dac18638a1199bf4fa725c911f7dd089) Importer(815301076,1909f56bfc062723c751e8b465ee728b)
Start importing Assets/SimpleNaturePack using Guid(dac18638a1199bf4fa725c911f7dd089) Importer(815301076,1909f56bfc062723c751e8b465ee728b)  -> (artifact id: 'f4d95c2451278071577614ce144484ca') in 0.007311 seconds
  Import took 0.008980 seconds .

========================================================================
Received Import Request.
  Time since last request: 1.839105 seconds.
  path: Assets/SimpleNaturePack/Scenes
  artifactKey: Guid(cf7d20afeed25e648acff9bab9734317) Importer(815301076,1909f56bfc062723c751e8b465ee728b)
Start importing Assets/SimpleNaturePack/Scenes using Guid(cf7d20afeed25e648acff9bab9734317) Importer(815301076,1909f56bfc062723c751e8b465ee728b)  -> (artifact id: 'a71a5aad6d4e808527feb7ddf8cdd3db') in 0.006544 seconds
  Import took 0.008042 seconds .

========================================================================
Received Import Request.
  Time since last request: 0.992502 seconds.
  path: Assets/SimpleNaturePack/Scenes/SimpleNaturePack_Demo.unity
  artifactKey: Guid(5e7af4bd95ac53a4cb784a9eedf8f6f9) Importer(815301076,1909f56bfc062723c751e8b465ee728b)
Start importing Assets/SimpleNaturePack/Scenes/SimpleNaturePack_Demo.unity using Guid(5e7af4bd95ac53a4cb784a9eedf8f6f9) Importer(815301076,1909f56bfc062723c751e8b465ee728b)  -> (artifact id: '52cd96d4e7e4c436f4efa96ce11449ec') in 0.013502 seconds
  Import took 0.015134 seconds .

========================================================================
Received Import Request.
  Time since last request: 22.283430 seconds.
  path: Assets/Kunai/Resources/Model
  artifactKey: Guid(271fd660ec9324e4da9c8fd1c574516b) Importer(815301076,1909f56bfc062723c751e8b465ee728b)
Start importing Assets/Kunai/Resources/Model using Guid(271fd660ec9324e4da9c8fd1c574516b) Importer(815301076,1909f56bfc062723c751e8b465ee728b)  -> (artifact id: '5f311438c03c2d59d5e0b98e4f36ba34') in 0.006803 seconds
  Import took 0.008509 seconds .

========================================================================
Received Import Request.
  Time since last request: 0.536483 seconds.
  path: Assets/Kunai/Resources/Prefabs
  artifactKey: Guid(9a4bf1f1cb6bbe74fbe90fdfd2add4ee) Importer(815301076,1909f56bfc062723c751e8b465ee728b)
Start importing Assets/Kunai/Resources/Prefabs using Guid(9a4bf1f1cb6bbe74fbe90fdfd2add4ee) Importer(815301076,1909f56bfc062723c751e8b465ee728b)  -> (artifact id: '895518a2093cd89afd0865b750a45262') in 0.006772 seconds
  Import took 0.008450 seconds .

========================================================================
Received Import Request.
  Time since last request: 0.505532 seconds.
  path: Assets/Kunai/Resources/Prefabs/kunai1.prefab
  artifactKey: Guid(0d0333bf93fb9464aa7a28fbc06eaefa) Importer(815301076,1909f56bfc062723c751e8b465ee728b)
Start importing Assets/Kunai/Resources/Prefabs/kunai1.prefab using Guid(0d0333bf93fb9464aa7a28fbc06eaefa) Importer(815301076,1909f56bfc062723c751e8b465ee728b)  -> (artifact id: '7ccb83c2e1d9d642b2b715e3c462535c') in 0.276286 seconds
  Import took 0.278060 seconds .

========================================================================
Received Import Request.
  Time since last request: 0.000219 seconds.
  path: Assets/Kunai/Resources/Prefabs/kunai2.prefab
  artifactKey: Guid(a86ce1ff3dfabd440b44a8dadb496d70) Importer(815301076,1909f56bfc062723c751e8b465ee728b)
Start importing Assets/Kunai/Resources/Prefabs/kunai2.prefab using Guid(a86ce1ff3dfabd440b44a8dadb496d70) Importer(815301076,1909f56bfc062723c751e8b465ee728b)  -> (artifact id: '6ddd48203e083d3b07dc17e6eea704d7') in 0.016296 seconds
  Import took 0.018062 seconds .

========================================================================
Received Import Request.
  Time since last request: 50.121041 seconds.
  path: Assets/Scenes
  artifactKey: Guid(fc0719a7c3d90e84ab5ba0872cdb26cc) Importer(815301076,1909f56bfc062723c751e8b465ee728b)
Start importing Assets/Scenes using Guid(fc0719a7c3d90e84ab5ba0872cdb26cc) Importer(815301076,1909f56bfc062723c751e8b465ee728b)  -> (artifact id: 'd93a929f0a859b81635a0100b1851602') in 0.001643 seconds
  Import took 0.003413 seconds .

========================================================================
Received Import Request.
  Time since last request: 0.810328 seconds.
  path: Assets/Scenes/SampleScene.unity
  artifactKey: Guid(9fc0d4010bbf28b4594072e72b8655ab) Importer(815301076,1909f56bfc062723c751e8b465ee728b)
Start importing Assets/Scenes/SampleScene.unity using Guid(9fc0d4010bbf28b4594072e72b8655ab) Importer(815301076,1909f56bfc062723c751e8b465ee728b)  -> (artifact id: '73375568fee951cd03f03eadad72722f') in 0.005299 seconds
  Import took 0.007067 seconds .

========================================================================
Received Import Request.
  Time since last request: 17.238590 seconds.
  path: Assets/Scenes/MainScene.unity
  artifactKey: Guid(dc7be3bc3b99a914a8fc36107eb1386c) Importer(815301076,1909f56bfc062723c751e8b465ee728b)
Start importing Assets/Scenes/MainScene.unity using Guid(dc7be3bc3b99a914a8fc36107eb1386c) Importer(815301076,1909f56bfc062723c751e8b465ee728b)  -> (artifact id: '49d03282de11e5bd62751a7809c2b974') in 0.005742 seconds
  Import took 0.007681 seconds .

========================================================================
Received Prepare
Registering precompiled user dll's ...
Registered in 0.000614 seconds.
Begin MonoManager ReloadAssembly
Native extension for WindowsStandalone target not found
Native extension for WebGL target not found
Refreshing native plugins compatible for Editor in 0.22 ms, found 0 plugins.
Preloading 0 native plugins for Editor in 0.00 ms.
Mono: successfully reloaded assembly
- Completed reload, in  0.623 seconds
Platform modules already initialized, skipping
Refreshing native plugins compatible for Editor in 0.30 ms, found 0 plugins.
Preloading 0 native plugins for Editor in 0.00 ms.
Unloading 1110 Unused Serialized files (Serialized files now loaded: 0)
System memory in use before: 60.2 MB.
System memory in use after: 60.3 MB.

Unloading 5 unused Assets to reduce memory usage. Loaded Objects now: 1567.
Total: 1.653300 ms (FindLiveObjects: 0.131900 ms CreateObjectMapping: 0.034400 ms MarkObjects: 1.432300 ms  DeleteObjects: 0.053700 ms)

========================================================================
Received Prepare
Registering precompiled user dll's ...
Registered in 0.000662 seconds.
Begin MonoManager ReloadAssembly
Native extension for WindowsStandalone target not found
Native extension for WebGL target not found
Refreshing native plugins compatible for Editor in 0.23 ms, found 0 plugins.
Preloading 0 native plugins for Editor in 0.00 ms.
Mono: successfully reloaded assembly
- Completed reload, in  0.607 seconds
Platform modules already initialized, skipping
Refreshing native plugins compatible for Editor in 0.28 ms, found 0 plugins.
Preloading 0 native plugins for Editor in 0.00 ms.
Unloading 1110 Unused Serialized files (Serialized files now loaded: 0)
System memory in use before: 60.2 MB.
System memory in use after: 60.3 MB.

Unloading 5 unused Assets to reduce memory usage. Loaded Objects now: 1570.
Total: 1.444700 ms (FindLiveObjects: 0.183000 ms CreateObjectMapping: 0.042600 ms MarkObjects: 1.145800 ms  DeleteObjects: 0.072100 ms)

========================================================================
Received Import Request.
  Time since last request: 210.936690 seconds.
  path: Assets
  artifactKey: Guid(00000000000000001000000000000000) Importer(815301076,1909f56bfc062723c751e8b465ee728b)
Start importing Assets using Guid(00000000000000001000000000000000) Importer(815301076,1909f56bfc062723c751e8b465ee728b)  -> (artifact id: '5f6a1853b736837ecfb0820a881449cb') in 0.006544 seconds
  Import took 0.008388 seconds .

========================================================================
Received Prepare
Registering precompiled user dll's ...
Registered in 0.000576 seconds.
Begin MonoManager ReloadAssembly
Native extension for WindowsStandalone target not found
Native extension for WebGL target not found
Refreshing native plugins compatible for Editor in 0.28 ms, found 0 plugins.
Preloading 0 native plugins for Editor in 0.00 ms.
Mono: successfully reloaded assembly
- Completed reload, in  0.651 seconds
Platform modules already initialized, skipping
Refreshing native plugins compatible for Editor in 0.35 ms, found 0 plugins.
Preloading 0 native plugins for Editor in 0.00 ms.
Unloading 1111 Unused Serialized files (Serialized files now loaded: 0)
System memory in use before: 60.3 MB.
System memory in use after: 60.4 MB.

Unloading 5 unused Assets to reduce memory usage. Loaded Objects now: 1574.
Total: 1.874100 ms (FindLiveObjects: 0.108800 ms CreateObjectMapping: 0.046300 ms MarkObjects: 1.657100 ms  DeleteObjects: 0.061000 ms)

========================================================================
Received Import Request.
  Time since last request: 18.372012 seconds.
  path: Assets/PlayerControl.cs
  artifactKey: Guid(be803681ad9b18f4d9c9b7bb21f9f72f) Importer(815301076,1909f56bfc062723c751e8b465ee728b)
Start importing Assets/PlayerControl.cs using Guid(be803681ad9b18f4d9c9b7bb21f9f72f) Importer(815301076,1909f56bfc062723c751e8b465ee728b)  -> (artifact id: '3d5cd8f8f839c4ac9e34992a7fcb2b9d') in 0.017182 seconds
  Import took 0.019280 seconds .

========================================================================
Received Prepare
Registering precompiled user dll's ...
Registered in 0.000481 seconds.
Begin MonoManager ReloadAssembly
Native extension for WindowsStandalone target not found
Native extension for WebGL target not found
Refreshing native plugins compatible for Editor in 0.18 ms, found 0 plugins.
Preloading 0 native plugins for Editor in 0.00 ms.
Mono: successfully reloaded assembly
- Completed reload, in  0.621 seconds
Platform modules already initialized, skipping
Refreshing native plugins compatible for Editor in 0.28 ms, found 0 plugins.
Preloading 0 native plugins for Editor in 0.00 ms.
Unloading 1111 Unused Serialized files (Serialized files now loaded: 0)
System memory in use before: 60.3 MB.
System memory in use after: 60.4 MB.

Unloading 5 unused Assets to reduce memory usage. Loaded Objects now: 1577.
Total: 1.321000 ms (FindLiveObjects: 0.132300 ms CreateObjectMapping: 0.039800 ms MarkObjects: 1.102000 ms  DeleteObjects: 0.045900 ms)

========================================================================
Received Import Request.
  Time since last request: 8.179420 seconds.
  path: Assets/GameScript.cs
  artifactKey: Guid(560057ccc495a1045a7ab8e5046f93f0) Importer(815301076,1909f56bfc062723c751e8b465ee728b)
Start importing Assets/GameScript.cs using Guid(560057ccc495a1045a7ab8e5046f93f0) Importer(815301076,1909f56bfc062723c751e8b465ee728b)  -> (artifact id: 'c1fdc973ec40a4e0d8bd8e321491c7e8') in 0.006641 seconds
  Import took 0.008447 seconds .

========================================================================
Received Prepare
Registering precompiled user dll's ...
Registered in 0.000493 seconds.
Begin MonoManager ReloadAssembly
Native extension for WindowsStandalone target not found
Native extension for WebGL target not found
Refreshing native plugins compatible for Editor in 0.18 ms, found 0 plugins.
Preloading 0 native plugins for Editor in 0.00 ms.
Mono: successfully reloaded assembly
- Completed reload, in  0.636 seconds
Platform modules already initialized, skipping
Refreshing native plugins compatible for Editor in 0.27 ms, found 0 plugins.
Preloading 0 native plugins for Editor in 0.00 ms.
Unloading 1112 Unused Serialized files (Serialized files now loaded: 0)
System memory in use before: 60.3 MB.
System memory in use after: 60.4 MB.

Unloading 5 unused Assets to reduce memory usage. Loaded Objects now: 1581.
Total: 1.646100 ms (FindLiveObjects: 0.175100 ms CreateObjectMapping: 0.068000 ms MarkObjects: 1.362800 ms  DeleteObjects: 0.039300 ms)

