Using pre-set license
Built from '2020.3/release' branch; Version is '2020.3.7f1 (dd97f2c94397) revision 14522354'; Using compiler version '192528614'; Build Type 'Release'
OS: 'Windows 10 Home; OS build 19042.928; Version 2009; 64bit' Language: 'en' Physical Memory: 32700 MB
BatchMode: 1, IsHumanControllingUs: 0, StartBugReporterOnCrash: 0, Is64bit: 1, IsPro: 0

 COMMAND LINE ARGUMENTS:
C:\Program Files\Unity\Hub\Editor\2020.3.7f1\Editor\Unity.exe
-adb2
-batchMode
-noUpm
-name
AssetImportWorker0
-projectPath
C:/Users/4step/Unity Projex/Kunai Control
-logFile
Logs/AssetImportWorker0.log
-srvPort
64332
Successfully changed project path to: C:/Users/4step/Unity Projex/Kunai Control
C:/Users/4step/Unity Projex/Kunai Control
Using Asset Import Pipeline V2.
Refreshing native plugins compatible for Editor in 17.65 ms, found 0 plugins.
Preloading 0 native plugins for Editor in 0.00 ms.
Initialize engine version: 2020.3.7f1 (dd97f2c94397)
[Subsystems] Discovering subsystems at path C:/Program Files/Unity/Hub/Editor/2020.3.7f1/Editor/Data/Resources/UnitySubsystems
[Subsystems] Discovering subsystems at path C:/Users/4step/Unity Projex/Kunai Control/Assets
GfxDevice: creating device client; threaded=0
Direct3D:
    Version:  Direct3D 11.0 [level 11.1]
    Renderer: NVIDIA GeForce GTX 1080 Ti (ID=0x1b06)
    Vendor:   
    VRAM:     11127 MB
    Driver:   27.21.14.6192
Initialize mono
Mono path[0] = 'C:/Program Files/Unity/Hub/Editor/2020.3.7f1/Editor/Data/Managed'
Mono path[1] = 'C:/Program Files/Unity/Hub/Editor/2020.3.7f1/Editor/Data/MonoBleedingEdge/lib/mono/unityjit'
Mono config path = 'C:/Program Files/Unity/Hub/Editor/2020.3.7f1/Editor/Data/MonoBleedingEdge/etc'
Using monoOptions --debugger-agent=transport=dt_socket,embedding=1,server=y,suspend=n,address=127.0.0.1:56992
Begin MonoManager ReloadAssembly
Registering precompiled unity dll's ...
Register platform support module: C:/Program Files/Unity/Hub/Editor/2020.3.7f1/Editor/Data/PlaybackEngines/WebGLSupport/UnityEditor.WebGL.Extensions.dll
Register platform support module: C:/Program Files/Unity/Hub/Editor/2020.3.7f1/Editor/Data/PlaybackEngines/WindowsStandaloneSupport/UnityEditor.WindowsStandalone.Extensions.dll
Registered in 0.001698 seconds.
Native extension for WindowsStandalone target not found
Native extension for WebGL target not found
Refreshing native plugins compatible for Editor in 20.04 ms, found 0 plugins.
Preloading 0 native plugins for Editor in 0.00 ms.
Mono: successfully reloaded assembly
- Completed reload, in  1.420 seconds
Platform modules already initialized, skipping
Registering precompiled user dll's ...
Registered in 0.000611 seconds.
Begin MonoManager ReloadAssembly
Native extension for WindowsStandalone target not found
Native extension for WebGL target not found
Refreshing native plugins compatible for Editor in 0.21 ms, found 0 plugins.
Preloading 0 native plugins for Editor in 0.00 ms.
Mono: successfully reloaded assembly
- Completed reload, in  0.653 seconds
Platform modules already initialized, skipping
========================================================================
Worker process is ready to serve import requests
Launched and connected shader compiler UnityShaderCompiler.exe after 0.03 seconds
Refreshing native plugins compatible for Editor in 0.25 ms, found 0 plugins.
Preloading 0 native plugins for Editor in 0.00 ms.
Unloading 1118 Unused Serialized files (Serialized files now loaded: 0)
System memory in use before: 57.3 MB.
System memory in use after: 57.3 MB.

Unloading 10 unused Assets to reduce memory usage. Loaded Objects now: 1560.
Total: 1.517500 ms (FindLiveObjects: 0.175300 ms CreateObjectMapping: 0.047200 ms MarkObjects: 1.232800 ms  DeleteObjects: 0.061200 ms)

========================================================================
Received Import Request.
  path: Assets/PlayerControl.cs
  artifactKey: Guid(be803681ad9b18f4d9c9b7bb21f9f72f) Importer(815301076,1909f56bfc062723c751e8b465ee728b)
Start importing Assets/PlayerControl.cs using Guid(be803681ad9b18f4d9c9b7bb21f9f72f) Importer(815301076,1909f56bfc062723c751e8b465ee728b)  -> (artifact id: 'a6bcfbb0a60816e0520be19ca54258dc') in 0.024066 seconds
  Import took 0.025633 seconds .

========================================================================
Received Prepare
Registering precompiled user dll's ...
Registered in 0.000533 seconds.
Begin MonoManager ReloadAssembly
Native extension for WindowsStandalone target not found
Native extension for WebGL target not found
Refreshing native plugins compatible for Editor in 0.18 ms, found 0 plugins.
Preloading 0 native plugins for Editor in 0.00 ms.
Mono: successfully reloaded assembly
- Completed reload, in  0.619 seconds
Platform modules already initialized, skipping
Refreshing native plugins compatible for Editor in 0.20 ms, found 0 plugins.
Preloading 0 native plugins for Editor in 0.00 ms.
Unloading 1113 Unused Serialized files (Serialized files now loaded: 0)
System memory in use before: 57.2 MB.
System memory in use after: 57.3 MB.

Unloading 5 unused Assets to reduce memory usage. Loaded Objects now: 1563.
Total: 1.315700 ms (FindLiveObjects: 0.160200 ms CreateObjectMapping: 0.031200 ms MarkObjects: 1.087900 ms  DeleteObjects: 0.035600 ms)

========================================================================
Received Prepare
Registering precompiled user dll's ...
Registered in 0.000573 seconds.
Begin MonoManager ReloadAssembly
Native extension for WindowsStandalone target not found
Native extension for WebGL target not found
Refreshing native plugins compatible for Editor in 0.17 ms, found 0 plugins.
Preloading 0 native plugins for Editor in 0.00 ms.
Mono: successfully reloaded assembly
- Completed reload, in  0.637 seconds
Platform modules already initialized, skipping
Refreshing native plugins compatible for Editor in 0.19 ms, found 0 plugins.
Preloading 0 native plugins for Editor in 0.00 ms.
Unloading 1113 Unused Serialized files (Serialized files now loaded: 0)
System memory in use before: 57.2 MB.
System memory in use after: 57.3 MB.

Unloading 5 unused Assets to reduce memory usage. Loaded Objects now: 1566.
Total: 1.243400 ms (FindLiveObjects: 0.106700 ms CreateObjectMapping: 0.028500 ms MarkObjects: 1.063700 ms  DeleteObjects: 0.043300 ms)

========================================================================
Received Prepare
Registering precompiled user dll's ...
Registered in 0.000465 seconds.
Begin MonoManager ReloadAssembly
Native extension for WindowsStandalone target not found
Native extension for WebGL target not found
Refreshing native plugins compatible for Editor in 0.17 ms, found 0 plugins.
Preloading 0 native plugins for Editor in 0.00 ms.
Mono: successfully reloaded assembly
- Completed reload, in  0.605 seconds
Platform modules already initialized, skipping
Refreshing native plugins compatible for Editor in 0.29 ms, found 0 plugins.
Preloading 0 native plugins for Editor in 0.00 ms.
Unloading 1113 Unused Serialized files (Serialized files now loaded: 0)
System memory in use before: 57.2 MB.
System memory in use after: 57.3 MB.

Unloading 5 unused Assets to reduce memory usage. Loaded Objects now: 1569.
Total: 1.864400 ms (FindLiveObjects: 0.140800 ms CreateObjectMapping: 0.035000 ms MarkObjects: 1.629500 ms  DeleteObjects: 0.058000 ms)

========================================================================
Received Prepare
Registering precompiled user dll's ...
Registered in 0.000610 seconds.
Begin MonoManager ReloadAssembly
Native extension for WindowsStandalone target not found
Native extension for WebGL target not found
Refreshing native plugins compatible for Editor in 0.18 ms, found 0 plugins.
Preloading 0 native plugins for Editor in 0.00 ms.
Mono: successfully reloaded assembly
- Completed reload, in  0.602 seconds
Platform modules already initialized, skipping
Refreshing native plugins compatible for Editor in 0.34 ms, found 0 plugins.
Preloading 0 native plugins for Editor in 0.00 ms.
Unloading 1113 Unused Serialized files (Serialized files now loaded: 0)
System memory in use before: 57.2 MB.
System memory in use after: 57.3 MB.

Unloading 5 unused Assets to reduce memory usage. Loaded Objects now: 1572.
Total: 1.263100 ms (FindLiveObjects: 0.146000 ms CreateObjectMapping: 0.027800 ms MarkObjects: 1.052000 ms  DeleteObjects: 0.035100 ms)

========================================================================
Received Import Request.
  Time since last request: 805.497566 seconds.
  path: Assets/PlayerControl.cs
  artifactKey: Guid(be803681ad9b18f4d9c9b7bb21f9f72f) Importer(815301076,1909f56bfc062723c751e8b465ee728b)
Start importing Assets/PlayerControl.cs using Guid(be803681ad9b18f4d9c9b7bb21f9f72f) Importer(815301076,1909f56bfc062723c751e8b465ee728b)  -> (artifact id: '69776b87bacbf7c9b1de3426f75023fc') in 0.007234 seconds
  Import took 0.009151 seconds .

========================================================================
Received Prepare
Registering precompiled user dll's ...
Registered in 0.000479 seconds.
Begin MonoManager ReloadAssembly
Native extension for WindowsStandalone target not found
Native extension for WebGL target not found
Refreshing native plugins compatible for Editor in 0.17 ms, found 0 plugins.
Preloading 0 native plugins for Editor in 0.00 ms.
Mono: successfully reloaded assembly
- Completed reload, in  0.584 seconds
Platform modules already initialized, skipping
Refreshing native plugins compatible for Editor in 0.19 ms, found 0 plugins.
Preloading 0 native plugins for Editor in 0.00 ms.
Unloading 1113 Unused Serialized files (Serialized files now loaded: 0)
System memory in use before: 57.3 MB.
System memory in use after: 57.3 MB.

Unloading 5 unused Assets to reduce memory usage. Loaded Objects now: 1575.
Total: 1.550700 ms (FindLiveObjects: 0.136500 ms CreateObjectMapping: 0.031300 ms MarkObjects: 1.343100 ms  DeleteObjects: 0.038600 ms)

========================================================================
Received Prepare
Registering precompiled user dll's ...
Registered in 0.000476 seconds.
Begin MonoManager ReloadAssembly
Native extension for WindowsStandalone target not found
Native extension for WebGL target not found
Refreshing native plugins compatible for Editor in 0.17 ms, found 0 plugins.
Preloading 0 native plugins for Editor in 0.00 ms.
Mono: successfully reloaded assembly
- Completed reload, in  0.602 seconds
Platform modules already initialized, skipping
Refreshing native plugins compatible for Editor in 0.28 ms, found 0 plugins.
Preloading 0 native plugins for Editor in 0.00 ms.
Unloading 1113 Unused Serialized files (Serialized files now loaded: 0)
System memory in use before: 57.3 MB.
System memory in use after: 57.3 MB.

Unloading 5 unused Assets to reduce memory usage. Loaded Objects now: 1578.
Total: 1.485300 ms (FindLiveObjects: 0.189800 ms CreateObjectMapping: 0.032100 ms MarkObjects: 1.227300 ms  DeleteObjects: 0.035300 ms)

========================================================================
Received Prepare
Registering precompiled user dll's ...
Registered in 0.000447 seconds.
Begin MonoManager ReloadAssembly
Native extension for WindowsStandalone target not found
Native extension for WebGL target not found
Refreshing native plugins compatible for Editor in 0.17 ms, found 0 plugins.
Preloading 0 native plugins for Editor in 0.00 ms.
Mono: successfully reloaded assembly
- Completed reload, in  0.581 seconds
Platform modules already initialized, skipping
Refreshing native plugins compatible for Editor in 0.19 ms, found 0 plugins.
Preloading 0 native plugins for Editor in 0.00 ms.
Unloading 1113 Unused Serialized files (Serialized files now loaded: 0)
System memory in use before: 57.3 MB.
System memory in use after: 57.3 MB.

Unloading 5 unused Assets to reduce memory usage. Loaded Objects now: 1581.
Total: 1.289200 ms (FindLiveObjects: 0.126100 ms CreateObjectMapping: 0.030500 ms MarkObjects: 1.094900 ms  DeleteObjects: 0.036700 ms)

========================================================================
Received Prepare
Registering precompiled user dll's ...
Registered in 0.000617 seconds.
Begin MonoManager ReloadAssembly
Native extension for WindowsStandalone target not found
Native extension for WebGL target not found
Refreshing native plugins compatible for Editor in 0.18 ms, found 0 plugins.
Preloading 0 native plugins for Editor in 0.00 ms.
Mono: successfully reloaded assembly
- Completed reload, in  0.623 seconds
Platform modules already initialized, skipping
Refreshing native plugins compatible for Editor in 0.19 ms, found 0 plugins.
Preloading 0 native plugins for Editor in 0.00 ms.
Unloading 1113 Unused Serialized files (Serialized files now loaded: 0)
System memory in use before: 57.3 MB.
System memory in use after: 57.3 MB.

Unloading 5 unused Assets to reduce memory usage. Loaded Objects now: 1584.
Total: 1.256000 ms (FindLiveObjects: 0.113900 ms CreateObjectMapping: 0.031400 ms MarkObjects: 1.071600 ms  DeleteObjects: 0.038300 ms)

========================================================================
Received Import Request.
  Time since last request: 819.827843 seconds.
  path: Assets/yt1s.com - sound effect WHACK.mp3
  artifactKey: Guid(6ad8f31e042ef83419b2bee5128360f5) Importer(815301076,1909f56bfc062723c751e8b465ee728b)
Start importing Assets/yt1s.com - sound effect WHACK.mp3 using Guid(6ad8f31e042ef83419b2bee5128360f5) Importer(815301076,1909f56bfc062723c751e8b465ee728b)  -> (artifact id: '8a123bdbe362e416b6d239b4676020a7') in 0.064340 seconds
  Import took 0.066143 seconds .

========================================================================
Received Import Request.
  Time since last request: 79.565156 seconds.
  path: Assets/Impact.mp3
  artifactKey: Guid(6ad8f31e042ef83419b2bee5128360f5) Importer(815301076,1909f56bfc062723c751e8b465ee728b)
Start importing Assets/Impact.mp3 using Guid(6ad8f31e042ef83419b2bee5128360f5) Importer(815301076,1909f56bfc062723c751e8b465ee728b)  -> (artifact id: 'a4b0073c8f05b5a75347895b0baf0bd5') in 0.013700 seconds
  Import took 0.015651 seconds .

========================================================================
Received Import Request.
  Time since last request: 0.005109 seconds.
  path: Assets/Impact.mp3
  artifactKey: Guid(6ad8f31e042ef83419b2bee5128360f5) Importer(815301076,1909f56bfc062723c751e8b465ee728b)
Start importing Assets/Impact.mp3 using Guid(6ad8f31e042ef83419b2bee5128360f5) Importer(815301076,1909f56bfc062723c751e8b465ee728b)  -> (artifact id: 'a4b0073c8f05b5a75347895b0baf0bd5') in 0.005933 seconds
  Import took 0.007437 seconds .

========================================================================
Received Import Request.
  Time since last request: 414.295938 seconds.
  path: Assets/yt1s.com - sound effect WHACK-[AudioTrimmer.com].mp3
  artifactKey: Guid(65ccc53e8376ff546a8949dd28c1e9f1) Importer(815301076,1909f56bfc062723c751e8b465ee728b)
Start importing Assets/yt1s.com - sound effect WHACK-[AudioTrimmer.com].mp3 using Guid(65ccc53e8376ff546a8949dd28c1e9f1) Importer(815301076,1909f56bfc062723c751e8b465ee728b)  -> (artifact id: 'eacb148af573225d8f188c9838addbf7') in 0.011887 seconds
  Import took 0.014137 seconds .

========================================================================
Received Import Request.
  Time since last request: 20.138830 seconds.
  path: Assets/Impact.mp3
  artifactKey: Guid(65ccc53e8376ff546a8949dd28c1e9f1) Importer(815301076,1909f56bfc062723c751e8b465ee728b)
Start importing Assets/Impact.mp3 using Guid(65ccc53e8376ff546a8949dd28c1e9f1) Importer(815301076,1909f56bfc062723c751e8b465ee728b)  -> (artifact id: 'f0f2ca3cd50308486808d60231631061') in 0.005683 seconds
  Import took 0.007300 seconds .

========================================================================
Received Import Request.
  Time since last request: 0.014175 seconds.
  path: Assets/Impact.mp3
  artifactKey: Guid(65ccc53e8376ff546a8949dd28c1e9f1) Importer(815301076,1909f56bfc062723c751e8b465ee728b)
Start importing Assets/Impact.mp3 using Guid(65ccc53e8376ff546a8949dd28c1e9f1) Importer(815301076,1909f56bfc062723c751e8b465ee728b)  -> (artifact id: 'f0f2ca3cd50308486808d60231631061') in 0.005244 seconds
  Import took 0.006813 seconds .

========================================================================
Received Prepare
Registering precompiled user dll's ...
Registered in 0.000469 seconds.
Begin MonoManager ReloadAssembly
Native extension for WindowsStandalone target not found
Native extension for WebGL target not found
Refreshing native plugins compatible for Editor in 0.17 ms, found 0 plugins.
Preloading 0 native plugins for Editor in 0.00 ms.
Mono: successfully reloaded assembly
- Completed reload, in  0.600 seconds
Platform modules already initialized, skipping
Refreshing native plugins compatible for Editor in 0.29 ms, found 0 plugins.
Preloading 0 native plugins for Editor in 0.00 ms.
Unloading 1113 Unused Serialized files (Serialized files now loaded: 0)
System memory in use before: 60.4 MB.
System memory in use after: 60.5 MB.

Unloading 5 unused Assets to reduce memory usage. Loaded Objects now: 1596.
Total: 1.315100 ms (FindLiveObjects: 0.191700 ms CreateObjectMapping: 0.062200 ms MarkObjects: 1.021200 ms  DeleteObjects: 0.039200 ms)

========================================================================
Received Prepare
Registering precompiled user dll's ...
Registered in 0.000659 seconds.
Begin MonoManager ReloadAssembly
Native extension for WindowsStandalone target not found
Native extension for WebGL target not found
Refreshing native plugins compatible for Editor in 0.21 ms, found 0 plugins.
Preloading 0 native plugins for Editor in 0.00 ms.
Mono: successfully reloaded assembly
- Completed reload, in  0.625 seconds
Platform modules already initialized, skipping
Refreshing native plugins compatible for Editor in 0.20 ms, found 0 plugins.
Preloading 0 native plugins for Editor in 0.00 ms.
Unloading 1113 Unused Serialized files (Serialized files now loaded: 0)
System memory in use before: 60.4 MB.
System memory in use after: 60.5 MB.

Unloading 5 unused Assets to reduce memory usage. Loaded Objects now: 1599.
Total: 1.584800 ms (FindLiveObjects: 0.202900 ms CreateObjectMapping: 0.031000 ms MarkObjects: 1.312000 ms  DeleteObjects: 0.037800 ms)

========================================================================
Received Prepare
Registering precompiled user dll's ...
Registered in 0.000588 seconds.
Begin MonoManager ReloadAssembly
Native extension for WindowsStandalone target not found
Native extension for WebGL target not found
Refreshing native plugins compatible for Editor in 0.17 ms, found 0 plugins.
Preloading 0 native plugins for Editor in 0.00 ms.
Mono: successfully reloaded assembly
- Completed reload, in  0.612 seconds
Platform modules already initialized, skipping
Refreshing native plugins compatible for Editor in 0.32 ms, found 0 plugins.
Preloading 0 native plugins for Editor in 0.00 ms.
Unloading 1113 Unused Serialized files (Serialized files now loaded: 0)
System memory in use before: 60.5 MB.
System memory in use after: 60.6 MB.

Unloading 5 unused Assets to reduce memory usage. Loaded Objects now: 1602.
Total: 1.466900 ms (FindLiveObjects: 0.215400 ms CreateObjectMapping: 0.030200 ms MarkObjects: 1.162800 ms  DeleteObjects: 0.040600 ms)

========================================================================
Received Prepare
Registering precompiled user dll's ...
Registered in 0.000487 seconds.
Begin MonoManager ReloadAssembly
Native extension for WindowsStandalone target not found
Native extension for WebGL target not found
Refreshing native plugins compatible for Editor in 0.18 ms, found 0 plugins.
Preloading 0 native plugins for Editor in 0.00 ms.
Mono: successfully reloaded assembly
- Completed reload, in  0.604 seconds
Platform modules already initialized, skipping
Refreshing native plugins compatible for Editor in 0.20 ms, found 0 plugins.
Preloading 0 native plugins for Editor in 0.00 ms.
Unloading 1113 Unused Serialized files (Serialized files now loaded: 0)
System memory in use before: 60.5 MB.
System memory in use after: 60.6 MB.

Unloading 5 unused Assets to reduce memory usage. Loaded Objects now: 1605.
Total: 1.545400 ms (FindLiveObjects: 0.113300 ms CreateObjectMapping: 0.029500 ms MarkObjects: 1.324600 ms  DeleteObjects: 0.077000 ms)

========================================================================
Received Prepare
Registering precompiled user dll's ...
Registered in 0.000458 seconds.
Begin MonoManager ReloadAssembly
Native extension for WindowsStandalone target not found
Native extension for WebGL target not found
Refreshing native plugins compatible for Editor in 0.17 ms, found 0 plugins.
Preloading 0 native plugins for Editor in 0.00 ms.
Mono: successfully reloaded assembly
- Completed reload, in  0.588 seconds
Platform modules already initialized, skipping
Refreshing native plugins compatible for Editor in 0.19 ms, found 0 plugins.
Preloading 0 native plugins for Editor in 0.00 ms.
Unloading 1113 Unused Serialized files (Serialized files now loaded: 0)
System memory in use before: 60.5 MB.
System memory in use after: 60.6 MB.

Unloading 5 unused Assets to reduce memory usage. Loaded Objects now: 1608.
Total: 1.456300 ms (FindLiveObjects: 0.126800 ms CreateObjectMapping: 0.028700 ms MarkObjects: 1.263200 ms  DeleteObjects: 0.036900 ms)

========================================================================
Received Prepare
Registering precompiled user dll's ...
Registered in 0.000834 seconds.
Begin MonoManager ReloadAssembly
Native extension for WindowsStandalone target not found
Native extension for WebGL target not found
Refreshing native plugins compatible for Editor in 0.18 ms, found 0 plugins.
Preloading 0 native plugins for Editor in 0.00 ms.
Mono: successfully reloaded assembly
- Completed reload, in  0.600 seconds
Platform modules already initialized, skipping
Refreshing native plugins compatible for Editor in 0.24 ms, found 0 plugins.
Preloading 0 native plugins for Editor in 0.00 ms.
Unloading 1113 Unused Serialized files (Serialized files now loaded: 0)
System memory in use before: 60.5 MB.
System memory in use after: 60.6 MB.

Unloading 5 unused Assets to reduce memory usage. Loaded Objects now: 1611.
Total: 1.325400 ms (FindLiveObjects: 0.142100 ms CreateObjectMapping: 0.032900 ms MarkObjects: 1.112300 ms  DeleteObjects: 0.037300 ms)

========================================================================
Received Prepare
Registering precompiled user dll's ...
Registered in 0.000549 seconds.
Begin MonoManager ReloadAssembly
Native extension for WindowsStandalone target not found
Native extension for WebGL target not found
Refreshing native plugins compatible for Editor in 0.17 ms, found 0 plugins.
Preloading 0 native plugins for Editor in 0.00 ms.
Mono: successfully reloaded assembly
- Completed reload, in  0.590 seconds
Platform modules already initialized, skipping
Refreshing native plugins compatible for Editor in 0.21 ms, found 0 plugins.
Preloading 0 native plugins for Editor in 0.00 ms.
Unloading 1113 Unused Serialized files (Serialized files now loaded: 0)
System memory in use before: 60.5 MB.
System memory in use after: 60.6 MB.

Unloading 5 unused Assets to reduce memory usage. Loaded Objects now: 1614.
Total: 1.766700 ms (FindLiveObjects: 0.199800 ms CreateObjectMapping: 0.030800 ms MarkObjects: 1.456500 ms  DeleteObjects: 0.078800 ms)

========================================================================
Received Prepare
Registering precompiled user dll's ...
Registered in 0.000491 seconds.
Begin MonoManager ReloadAssembly
Native extension for WindowsStandalone target not found
Native extension for WebGL target not found
Refreshing native plugins compatible for Editor in 0.21 ms, found 0 plugins.
Preloading 0 native plugins for Editor in 0.00 ms.
Mono: successfully reloaded assembly
- Completed reload, in  0.599 seconds
Platform modules already initialized, skipping
Refreshing native plugins compatible for Editor in 0.28 ms, found 0 plugins.
Preloading 0 native plugins for Editor in 0.00 ms.
Unloading 1113 Unused Serialized files (Serialized files now loaded: 0)
System memory in use before: 60.5 MB.
System memory in use after: 60.6 MB.

Unloading 5 unused Assets to reduce memory usage. Loaded Objects now: 1617.
Total: 1.978600 ms (FindLiveObjects: 0.162400 ms CreateObjectMapping: 0.055800 ms MarkObjects: 1.721100 ms  DeleteObjects: 0.038300 ms)

========================================================================
Received Prepare
Registering precompiled user dll's ...
Registered in 0.000476 seconds.
Begin MonoManager ReloadAssembly
Native extension for WindowsStandalone target not found
Native extension for WebGL target not found
Refreshing native plugins compatible for Editor in 0.17 ms, found 0 plugins.
Preloading 0 native plugins for Editor in 0.00 ms.
Mono: successfully reloaded assembly
- Completed reload, in  0.621 seconds
Platform modules already initialized, skipping
Refreshing native plugins compatible for Editor in 0.18 ms, found 0 plugins.
Preloading 0 native plugins for Editor in 0.00 ms.
Unloading 1113 Unused Serialized files (Serialized files now loaded: 0)
System memory in use before: 60.5 MB.
System memory in use after: 60.6 MB.

Unloading 5 unused Assets to reduce memory usage. Loaded Objects now: 1620.
Total: 1.414900 ms (FindLiveObjects: 0.128200 ms CreateObjectMapping: 0.036900 ms MarkObjects: 1.212100 ms  DeleteObjects: 0.037100 ms)

========================================================================
Received Prepare
Registering precompiled user dll's ...
Registered in 0.000538 seconds.
Begin MonoManager ReloadAssembly
Native extension for WindowsStandalone target not found
Native extension for WebGL target not found
Refreshing native plugins compatible for Editor in 0.19 ms, found 0 plugins.
Preloading 0 native plugins for Editor in 0.00 ms.
Mono: successfully reloaded assembly
- Completed reload, in  0.596 seconds
Platform modules already initialized, skipping
Refreshing native plugins compatible for Editor in 0.18 ms, found 0 plugins.
Preloading 0 native plugins for Editor in 0.00 ms.
Unloading 1113 Unused Serialized files (Serialized files now loaded: 0)
System memory in use before: 60.5 MB.
System memory in use after: 60.6 MB.

Unloading 5 unused Assets to reduce memory usage. Loaded Objects now: 1623.
Total: 1.797500 ms (FindLiveObjects: 0.198100 ms CreateObjectMapping: 0.029300 ms MarkObjects: 1.507300 ms  DeleteObjects: 0.061400 ms)

========================================================================
Received Import Request.
  Time since last request: 1055.607825 seconds.
  path: Assets/Impact-[AudioTrimmer.com].mp3
  artifactKey: Guid(4a8ae543cdae1a34ca811becc3b7a826) Importer(815301076,1909f56bfc062723c751e8b465ee728b)
Start importing Assets/Impact-[AudioTrimmer.com].mp3 using Guid(4a8ae543cdae1a34ca811becc3b7a826) Importer(815301076,1909f56bfc062723c751e8b465ee728b)  -> (artifact id: 'f61a717177849bfbed56832aee5b17ae') in 0.035999 seconds
  Import took 0.037701 seconds .

========================================================================
Received Import Request.
  Time since last request: 5.125521 seconds.
  path: Assets/PlayerControl.cs
  artifactKey: Guid(be803681ad9b18f4d9c9b7bb21f9f72f) Importer(815301076,1909f56bfc062723c751e8b465ee728b)
Start importing Assets/PlayerControl.cs using Guid(be803681ad9b18f4d9c9b7bb21f9f72f) Importer(815301076,1909f56bfc062723c751e8b465ee728b)  -> (artifact id: '428ad6db1233944a73611a7fd4ccd9d1') in 0.001932 seconds
  Import took 0.003452 seconds .

========================================================================
Received Import Request.
  Time since last request: 0.001826 seconds.
  path: Assets/PlayerControl.cs
  artifactKey: Guid(be803681ad9b18f4d9c9b7bb21f9f72f) Importer(815301076,1909f56bfc062723c751e8b465ee728b)
Start importing Assets/PlayerControl.cs using Guid(be803681ad9b18f4d9c9b7bb21f9f72f) Importer(815301076,1909f56bfc062723c751e8b465ee728b)  -> (artifact id: '428ad6db1233944a73611a7fd4ccd9d1') in 0.002100 seconds
  Import took 0.004355 seconds .

========================================================================
Received Import Request.
  Time since last request: 5.009675 seconds.
  path: Assets/Impact.mp3
  artifactKey: Guid(4a8ae543cdae1a34ca811becc3b7a826) Importer(815301076,1909f56bfc062723c751e8b465ee728b)
Start importing Assets/Impact.mp3 using Guid(4a8ae543cdae1a34ca811becc3b7a826) Importer(815301076,1909f56bfc062723c751e8b465ee728b)  -> (artifact id: '57d274827807d37a117ca755a8004d17') in 0.009506 seconds
  Import took 0.011178 seconds .

========================================================================
Received Prepare
Registering precompiled user dll's ...
Registered in 0.000430 seconds.
Begin MonoManager ReloadAssembly
Native extension for WindowsStandalone target not found
Native extension for WebGL target not found
Refreshing native plugins compatible for Editor in 0.17 ms, found 0 plugins.
Preloading 0 native plugins for Editor in 0.00 ms.
Mono: successfully reloaded assembly
- Completed reload, in  0.584 seconds
Platform modules already initialized, skipping
Refreshing native plugins compatible for Editor in 0.20 ms, found 0 plugins.
Preloading 0 native plugins for Editor in 0.00 ms.
Unloading 1113 Unused Serialized files (Serialized files now loaded: 0)
System memory in use before: 60.5 MB.
System memory in use after: 60.6 MB.

Unloading 5 unused Assets to reduce memory usage. Loaded Objects now: 1627.
Total: 1.509700 ms (FindLiveObjects: 0.127300 ms CreateObjectMapping: 0.049600 ms MarkObjects: 1.295200 ms  DeleteObjects: 0.036700 ms)

========================================================================
Received Import Request.
  Time since last request: 107.530888 seconds.
  path: Assets/Impact.wav
  artifactKey: Guid(e27e7441291d4c3419fadc8f2a61a1d1) Importer(815301076,1909f56bfc062723c751e8b465ee728b)
Start importing Assets/Impact.wav using Guid(e27e7441291d4c3419fadc8f2a61a1d1) Importer(815301076,1909f56bfc062723c751e8b465ee728b)  -> (artifact id: '2d87eb9ce92300ba67cc38d9e3e0d2d9') in 0.042054 seconds
  Import took 0.043658 seconds .

========================================================================
Received Prepare
Registering precompiled user dll's ...
Registered in 0.000510 seconds.
Begin MonoManager ReloadAssembly
Native extension for WindowsStandalone target not found
Native extension for WebGL target not found
Refreshing native plugins compatible for Editor in 0.20 ms, found 0 plugins.
Preloading 0 native plugins for Editor in 0.00 ms.
Mono: successfully reloaded assembly
- Completed reload, in  0.628 seconds
Platform modules already initialized, skipping
Refreshing native plugins compatible for Editor in 0.27 ms, found 0 plugins.
Preloading 0 native plugins for Editor in 0.00 ms.
Unloading 1113 Unused Serialized files (Serialized files now loaded: 0)
System memory in use before: 60.5 MB.
System memory in use after: 60.6 MB.

Unloading 5 unused Assets to reduce memory usage. Loaded Objects now: 1631.
Total: 1.693100 ms (FindLiveObjects: 0.204300 ms CreateObjectMapping: 0.030500 ms MarkObjects: 1.418600 ms  DeleteObjects: 0.038800 ms)

========================================================================
Received Prepare
Registering precompiled user dll's ...
Registered in 0.000479 seconds.
Begin MonoManager ReloadAssembly
Native extension for WindowsStandalone target not found
Native extension for WebGL target not found
Refreshing native plugins compatible for Editor in 0.23 ms, found 0 plugins.
Preloading 0 native plugins for Editor in 0.00 ms.
Mono: successfully reloaded assembly
- Completed reload, in  0.608 seconds
Platform modules already initialized, skipping
Refreshing native plugins compatible for Editor in 0.19 ms, found 0 plugins.
Preloading 0 native plugins for Editor in 0.00 ms.
Unloading 1113 Unused Serialized files (Serialized files now loaded: 0)
System memory in use before: 60.5 MB.
System memory in use after: 60.6 MB.

Unloading 5 unused Assets to reduce memory usage. Loaded Objects now: 1634.
Total: 1.477300 ms (FindLiveObjects: 0.162400 ms CreateObjectMapping: 0.033900 ms MarkObjects: 1.204900 ms  DeleteObjects: 0.075200 ms)

========================================================================
Received Prepare
Registering precompiled user dll's ...
Registered in 0.000556 seconds.
Begin MonoManager ReloadAssembly
Native extension for WindowsStandalone target not found
Native extension for WebGL target not found
Refreshing native plugins compatible for Editor in 0.19 ms, found 0 plugins.
Preloading 0 native plugins for Editor in 0.00 ms.
Mono: successfully reloaded assembly
- Completed reload, in  0.609 seconds
Platform modules already initialized, skipping
Refreshing native plugins compatible for Editor in 0.21 ms, found 0 plugins.
Preloading 0 native plugins for Editor in 0.00 ms.
Unloading 1113 Unused Serialized files (Serialized files now loaded: 0)
System memory in use before: 60.6 MB.
System memory in use after: 60.6 MB.

Unloading 5 unused Assets to reduce memory usage. Loaded Objects now: 1637.
Total: 1.247000 ms (FindLiveObjects: 0.108900 ms CreateObjectMapping: 0.026000 ms MarkObjects: 1.072600 ms  DeleteObjects: 0.038600 ms)

========================================================================
Received Prepare
Registering precompiled user dll's ...
Registered in 0.000676 seconds.
Begin MonoManager ReloadAssembly
Native extension for WindowsStandalone target not found
Native extension for WebGL target not found
Refreshing native plugins compatible for Editor in 0.17 ms, found 0 plugins.
Preloading 0 native plugins for Editor in 0.00 ms.
Mono: successfully reloaded assembly
- Completed reload, in  0.600 seconds
Platform modules already initialized, skipping
Refreshing native plugins compatible for Editor in 0.20 ms, found 0 plugins.
Preloading 0 native plugins for Editor in 0.00 ms.
Unloading 1113 Unused Serialized files (Serialized files now loaded: 0)
System memory in use before: 60.6 MB.
System memory in use after: 60.6 MB.

Unloading 5 unused Assets to reduce memory usage. Loaded Objects now: 1640.
Total: 1.578100 ms (FindLiveObjects: 0.139800 ms CreateObjectMapping: 0.035600 ms MarkObjects: 1.327900 ms  DeleteObjects: 0.073400 ms)

========================================================================
Received Prepare
Registering precompiled user dll's ...
Registered in 0.000673 seconds.
Begin MonoManager ReloadAssembly
Native extension for WindowsStandalone target not found
Native extension for WebGL target not found
Refreshing native plugins compatible for Editor in 0.20 ms, found 0 plugins.
Preloading 0 native plugins for Editor in 0.00 ms.
Mono: successfully reloaded assembly
- Completed reload, in  0.606 seconds
Platform modules already initialized, skipping
Refreshing native plugins compatible for Editor in 0.30 ms, found 0 plugins.
Preloading 0 native plugins for Editor in 0.00 ms.
Unloading 1113 Unused Serialized files (Serialized files now loaded: 0)
System memory in use before: 60.6 MB.
System memory in use after: 60.7 MB.

Unloading 5 unused Assets to reduce memory usage. Loaded Objects now: 1643.
Total: 2.001200 ms (FindLiveObjects: 0.183800 ms CreateObjectMapping: 0.097400 ms MarkObjects: 1.680200 ms  DeleteObjects: 0.038900 ms)

========================================================================
Received Import Request.
  Time since last request: 242.841080 seconds.
  path: Assets/kunai1 Variant.prefab
  artifactKey: Guid(5cc5447cae480b04197607d63b1a540f) Importer(815301076,1909f56bfc062723c751e8b465ee728b)
Start importing Assets/kunai1 Variant.prefab using Guid(5cc5447cae480b04197607d63b1a540f) Importer(815301076,1909f56bfc062723c751e8b465ee728b)  -> (artifact id: '7008f43040798e9b40c7e504aeeb66ca') in 0.060965 seconds
  Import took 0.062662 seconds .

========================================================================
Received Import Request.
  Time since last request: 3.278104 seconds.
  path: Assets/Kunai.prefab
  artifactKey: Guid(5cc5447cae480b04197607d63b1a540f) Importer(815301076,1909f56bfc062723c751e8b465ee728b)
Start importing Assets/Kunai.prefab using Guid(5cc5447cae480b04197607d63b1a540f) Importer(815301076,1909f56bfc062723c751e8b465ee728b)  -> (artifact id: '9673ce446a5e865c3f090cd5e9939221') in 0.017472 seconds
  Import took 0.019422 seconds .

========================================================================
Received Import Request.
  Time since last request: 1.395191 seconds.
  path: Assets/PlayerControl.cs
  artifactKey: Guid(be803681ad9b18f4d9c9b7bb21f9f72f) Importer(815301076,1909f56bfc062723c751e8b465ee728b)
Start importing Assets/PlayerControl.cs using Guid(be803681ad9b18f4d9c9b7bb21f9f72f) Importer(815301076,1909f56bfc062723c751e8b465ee728b)  -> (artifact id: '00bf92143cf3b8632c453ba45565f3d0') in 0.001843 seconds
  Import took 0.003412 seconds .

========================================================================
Received Import Request.
  Time since last request: 0.001290 seconds.
  path: Assets/PlayerControl.cs
  artifactKey: Guid(be803681ad9b18f4d9c9b7bb21f9f72f) Importer(815301076,1909f56bfc062723c751e8b465ee728b)
Start importing Assets/PlayerControl.cs using Guid(be803681ad9b18f4d9c9b7bb21f9f72f) Importer(815301076,1909f56bfc062723c751e8b465ee728b)  -> (artifact id: '00bf92143cf3b8632c453ba45565f3d0') in 0.001895 seconds
  Import took 0.003594 seconds .

========================================================================
Received Import Request.
  Time since last request: 8.922528 seconds.
  path: Assets/Kunai.prefab
  artifactKey: Guid(5cc5447cae480b04197607d63b1a540f) Importer(815301076,1909f56bfc062723c751e8b465ee728b)
Start importing Assets/Kunai.prefab using Guid(5cc5447cae480b04197607d63b1a540f) Importer(815301076,1909f56bfc062723c751e8b465ee728b)  -> (artifact id: 'b1000bcbfcf91e9aab70bbeaf426c615') in 0.008697 seconds
  Import took 0.010955 seconds .

========================================================================
Received Import Request.
  Time since last request: 0.004128 seconds.
  path: Assets/Kunai.prefab
  artifactKey: Guid(5cc5447cae480b04197607d63b1a540f) Importer(815301076,1909f56bfc062723c751e8b465ee728b)
Start importing Assets/Kunai.prefab using Guid(5cc5447cae480b04197607d63b1a540f) Importer(815301076,1909f56bfc062723c751e8b465ee728b)  -> (artifact id: 'b1000bcbfcf91e9aab70bbeaf426c615') in 0.008302 seconds
  Import took 0.010162 seconds .

========================================================================
Received Prepare
Registering precompiled user dll's ...
Registered in 0.000565 seconds.
Begin MonoManager ReloadAssembly
Native extension for WindowsStandalone target not found
Native extension for WebGL target not found
Refreshing native plugins compatible for Editor in 0.18 ms, found 0 plugins.
Preloading 0 native plugins for Editor in 0.00 ms.
Mono: successfully reloaded assembly
- Completed reload, in  0.633 seconds
Platform modules already initialized, skipping
Refreshing native plugins compatible for Editor in 0.27 ms, found 0 plugins.
Preloading 0 native plugins for Editor in 0.00 ms.
Unloading 1113 Unused Serialized files (Serialized files now loaded: 0)
System memory in use before: 60.6 MB.
System memory in use after: 60.7 MB.

Unloading 5 unused Assets to reduce memory usage. Loaded Objects now: 1647.
Total: 1.669100 ms (FindLiveObjects: 0.241000 ms CreateObjectMapping: 0.075800 ms MarkObjects: 1.303900 ms  DeleteObjects: 0.047000 ms)

========================================================================
Received Import Request.
  Time since last request: 50.958619 seconds.
  path: Assets/Kunai.prefab
  artifactKey: Guid(5cc5447cae480b04197607d63b1a540f) Importer(815301076,1909f56bfc062723c751e8b465ee728b)
Start importing Assets/Kunai.prefab using Guid(5cc5447cae480b04197607d63b1a540f) Importer(815301076,1909f56bfc062723c751e8b465ee728b)  -> (artifact id: 'd7d7d834edb0dcf6f9071fbc77b7a3b0') in 0.049351 seconds
  Import took 0.051227 seconds .

========================================================================
Received Import Request.
  Time since last request: 0.000710 seconds.
  path: Assets/Kunai.prefab
  artifactKey: Guid(5cc5447cae480b04197607d63b1a540f) Importer(815301076,1909f56bfc062723c751e8b465ee728b)
Start importing Assets/Kunai.prefab using Guid(5cc5447cae480b04197607d63b1a540f) Importer(815301076,1909f56bfc062723c751e8b465ee728b)  -> (artifact id: 'd7d7d834edb0dcf6f9071fbc77b7a3b0') in 0.007600 seconds
  Import took 0.009397 seconds .

========================================================================
Received Import Request.
  Time since last request: 42.662808 seconds.
  path: Assets/Kunai.prefab
  artifactKey: Guid(5cc5447cae480b04197607d63b1a540f) Importer(815301076,1909f56bfc062723c751e8b465ee728b)
Start importing Assets/Kunai.prefab using Guid(5cc5447cae480b04197607d63b1a540f) Importer(815301076,1909f56bfc062723c751e8b465ee728b)  -> (artifact id: 'c69581c54428d2ff1411d0cce629ae2b') in 0.009002 seconds
  Import took 0.010903 seconds .

AssetImportWorkerClient::OnTransportError - code=2 error=End of file
